<?xml version="1.0" encoding="UTF-8"?>
<!-- Generated by org.testng.reporters.JUnitReportReporter -->
<testsuite skipped="0" hostname="DESKTOP-FTB2NQO" name="testNG.webTest" tests="1" failures="0" timestamp="24 Aug 2019 17:21:20 GMT" time="0.007" errors="0">
  <testcase name="f" time="0.007" classname="testNG.webTest"/>
</testsuite> <!-- testNG.webTest -->
