<?xml version="1.0" encoding="UTF-8"?>
<!-- Generated by org.testng.reporters.JUnitReportReporter -->
<testsuite skipped="0" hostname="DESKTOP-FTB2NQO" name="testNG.webTest" tests="4" failures="0" timestamp="24 Aug 2019 20:57:26 GMT" time="11.773" errors="0">
  <testcase name="findingFlights" time="1.628" classname="testNG.webTest"/>
  <testcase name="bookingFlights" time="1.656" classname="testNG.webTest"/>
  <testcase name="registration" time="4.569" classname="testNG.webTest"/>
  <testcase name="login" time="3.920" classname="testNG.webTest"/>
</testsuite> <!-- testNG.webTest -->
