<?xml version="1.0" encoding="UTF-8"?>
<!-- Generated by org.testng.reporters.JUnitReportReporter -->
<testsuite skipped="0" hostname="DESKTOP-FTB2NQO" name="testNG.webTest" tests="7" failures="0" timestamp="24 Aug 2019 21:08:27 GMT" time="22.716" errors="0">
  <testcase name="confirmingFlights" time="1.329" classname="testNG.webTest"/>
  <testcase name="billingAddress" time="1.013" classname="testNG.webTest"/>
  <testcase name="deliveryAddress" time="8.583" classname="testNG.webTest"/>
  <testcase name="login" time="3.875" classname="testNG.webTest"/>
  <testcase name="findingFlights" time="1.644" classname="testNG.webTest"/>
  <testcase name="registration" time="4.632" classname="testNG.webTest"/>
  <testcase name="bookingFlights" time="1.640" classname="testNG.webTest"/>
</testsuite> <!-- testNG.webTest -->
