<?xml version="1.0" encoding="UTF-8"?>
<!-- Generated by org.testng.reporters.JUnitReportReporter -->
<testsuite skipped="0" hostname="DESKTOP-FTB2NQO" name="testNG.webTest" tests="8" failures="0" timestamp="24 Aug 2019 21:11:32 GMT" time="24.710" errors="0">
  <testcase name="bookingFlights" time="1.668" classname="testNG.webTest"/>
  <testcase name="billingAddress" time="1.031" classname="testNG.webTest"/>
  <testcase name="registration" time="4.388" classname="testNG.webTest"/>
  <testcase name="login" time="3.986" classname="testNG.webTest"/>
  <testcase name="logOut" time="2.589" classname="testNG.webTest"/>
  <testcase name="confirmingFlights" time="1.311" classname="testNG.webTest"/>
  <testcase name="findingFlights" time="1.704" classname="testNG.webTest"/>
  <testcase name="deliveryAddress" time="8.033" classname="testNG.webTest"/>
</testsuite> <!-- testNG.webTest -->
