<?xml version="1.0" encoding="UTF-8"?>
<!-- Generated by org.testng.reporters.JUnitReportReporter -->
<testsuite skipped="0" hostname="DESKTOP-FTB2NQO" name="testNG.webTest" tests="2" failures="0" timestamp="24 Aug 2019 20:51:02 GMT" time="8.450" errors="0">
  <testcase name="login" time="3.869" classname="testNG.webTest"/>
  <testcase name="registration" time="4.581" classname="testNG.webTest"/>
</testsuite> <!-- testNG.webTest -->
