<?xml version="1.0" encoding="UTF-8"?>
<!-- Generated by org.testng.reporters.JUnitReportReporter -->
<testsuite skipped="0" hostname="DESKTOP-FTB2NQO" name="testNG.webTest" tests="3" failures="0" timestamp="24 Aug 2019 20:54:32 GMT" time="10.581" errors="0">
  <testcase name="login" time="3.891" classname="testNG.webTest"/>
  <testcase name="registration" time="5.093" classname="testNG.webTest"/>
  <testcase name="findingFlights" time="1.597" classname="testNG.webTest"/>
</testsuite> <!-- testNG.webTest -->
