<?xml version="1.0" encoding="UTF-8"?>
<!-- Generated by org.testng.reporters.JUnitReportReporter -->
<testsuite skipped="0" hostname="DESKTOP-FTB2NQO" name="testNG.webTest" tests="6" failures="0" timestamp="24 Aug 2019 21:03:41 GMT" time="14.971" errors="0">
  <testcase name="confirmingFlights" time="1.298" classname="testNG.webTest"/>
  <testcase name="billingAddress" time="0.994" classname="testNG.webTest"/>
  <testcase name="login" time="3.901" classname="testNG.webTest"/>
  <testcase name="findingFlights" time="1.611" classname="testNG.webTest"/>
  <testcase name="registration" time="4.928" classname="testNG.webTest"/>
  <testcase name="bookingFlights" time="2.239" classname="testNG.webTest"/>
</testsuite> <!-- testNG.webTest -->
