<?xml version="1.0" encoding="UTF-8"?>
<!-- Generated by org.testng.reporters.JUnitReportReporter -->
<testsuite skipped="0" hostname="DESKTOP-FTB2NQO" name="testNG.webTest" tests="5" failures="0" timestamp="24 Aug 2019 21:00:45 GMT" time="13.169" errors="0">
  <testcase name="findingFlights" time="1.636" classname="testNG.webTest"/>
  <testcase name="bookingFlights" time="1.641" classname="testNG.webTest"/>
  <testcase name="registration" time="4.671" classname="testNG.webTest"/>
  <testcase name="login" time="3.908" classname="testNG.webTest"/>
  <testcase name="confirmingFlights" time="1.313" classname="testNG.webTest"/>
</testsuite> <!-- testNG.webTest -->
