<?xml version="1.0" encoding="UTF-8"?>
<!-- Generated by org.testng.reporters.JUnitReportReporter -->
<testsuite skipped="0" hostname="DESKTOP-FTB2NQO" name="testNG.webTest" tests="1" failures="0" timestamp="24 Aug 2019 20:42:12 GMT" time="4.424" errors="0">
  <testcase name="registration" time="4.424" classname="testNG.webTest"/>
</testsuite> <!-- testNG.webTest -->
